<?xml version="1.0" encoding="UTF-8" ?>
<testsuite failures="0" time="0.163" errors="0" skipped="0" tests="11" name="co.nubetech.crux.server.filter.types.TestSubBinarySuffixComparator">
  <properties>
[...]
</properties>
  <testcase time="0.141" classname="co.nubetech.crux.server.filter.types.TestSubBinarySuffixComparator" name="testReadFields"/>
  <testcase time="0" classname="co.nubetech.crux.server.filter.types.TestSubBinarySuffixComparator" name="testWriteFields"/>
  <testcase time="0" classname="co.nubetech.crux.server.filter.types.TestSubBinarySuffixComparator" name="testCompareToWithEqualLength"/>
  <testcase time="0" classname="co.nubetech.crux.server.filter.types.TestSubBinarySuffixComparator" name="testCompareToWithZeroLength"/>
  <testcase time="0.001" classname="co.nubetech.crux.server.filter.types.TestSubBinarySuffixComparator" name="testCompareToWithLessLength"/>
  <testcase time="0" classname="co.nubetech.crux.server.filter.types.TestSubBinarySuffixComparator" name="testCompareToWithGreaterLength"/>
  <testcase time="0.001" classname="co.nubetech.crux.server.filter.types.TestSubBinarySuffixComparator" name="testCompareToWithInCorrectLength"/>
  <testcase time="0" classname="co.nubetech.crux.server.filter.types.TestSubBinarySuffixComparator" name="testCompareToWithNullValue"/>
  <testcase time="0" classname="co.nubetech.crux.server.filter.types.TestSubBinarySuffixComparator" name="testCompareToWithNullValueToCompare"/>
  <testcase time="0.001" classname="co.nubetech.crux.server.filter.types.TestSubBinarySuffixComparator" name="testCompareToWithLengthNeg"/>
  <testcase time="0.001" classname="co.nubetech.crux.server.filter.types.TestSubBinarySuffixComparator" name="testCompareToWithNegativeOneLength"/>
</testsuite>